<?xml version="1.0" encoding="UTF-8"?>
<!-- Generated by org.testng.reporters.JUnitXMLReporter -->
<testsuite ignored="0" hostname="DESKTOP-97NHFGP" failures="1" tests="23" name="Free CRM Test Cases" time="450.905" errors="0" timestamp="2019-09-12T16:58:23 IST">
  <testcase classname="com.crm.qa.testcases.HomeScreenTest" name="testloginbtn" time="5.008"/>
  <testcase classname="com.crm.qa.testcases.HomeScreenTest" name="testsignupButton" time="10.125"/>
  <testcase classname="com.crm.qa.testcases.HomeScreenTest" name="crmTitleTest" time="0.008"/>
  <testcase classname="com.crm.qa.testcases.LoginPageTest" name="lgntest" time="0.285"/>
  <testcase classname="com.crm.qa.testcases.LoginPageTest" name="forgotpasswordTest" time="2.897"/>
  <testcase classname="com.crm.qa.testcases.LoginPageTest" name="classicCRMTest" time="3.75"/>
  <testcase classname="com.crm.qa.testcases.LoginPageTest" name="signuppageTest" time="2.738"/>
  <testcase classname="com.crm.qa.testcases.HomePageTest" name="crmLogoTest" time="1.661"/>
  <testcase classname="com.crm.qa.testcases.HomePageTest" name="ContactButtonTest" time="1.693"/>
  <testcase classname="com.crm.qa.testcases.ContactPageTest" name="newContactButtonTest" time="0.166"/>
  <testcase classname="com.crm.qa.testcases.ContactPageTest" name="addNewContactTest" time="2.041"/>
  <testcase classname="com.crm.qa.testcases.DealPageTest" name="newDealButtonTest" time="0.379"/>
  <testcase classname="com.crm.qa.testcases.DealPageTest" name="addNewDealTest" time="0.875"/>
  <testcase classname="com.crm.qa.testcases.TaskPageTest" name="createNewTaskTest" time="0.157"/>
  <testcase classname="com.crm.qa.testcases.TaskPageTest" name="addNewTaskDetailsTest" time="10.275"/>
  <testcase classname="com.crm.qa.testcases.CallPageTest" name="newCallButtonTest" time="0.178"/>
  <testcase classname="com.crm.qa.testcases.CallPageTest" name="addNewCallTest" time="14.466"/>
  <testcase classname="com.crm.qa.testcases.CampaignPageTest" name="NewTemplateScreenTest" time="2.928"/>
  <testcase classname="com.crm.qa.testcases.CampaignPageTest" name="AddNewTemplateTest" time="3.102"/>
  <testcase classname="com.crm.qa.testcases.CampaignPageTest" name="NewCampaignTest" time="0.228"/>
  <testcase classname="com.crm.qa.testcases.CampaignPageTest" name="AddNewCampaignTest" time="30.408">
    <failure type="org.openqa.selenium.NoSuchElementException" message="no such element: Unable to locate element: {&amp;quot;method&amp;quot;:&amp;quot;xpath&amp;quot;,&amp;quot;selector&amp;quot;:&amp;quot;//*[@id=&amp;quot;dashboard-toolbar&amp;quot;]/div[2]/div/button[2]&amp;quot;}
  (Session info: chrome=77.0.3865.75)
For documentation on this error, please visit: https://www.seleniumhq.org/exceptions/no_such_element.html
Build info: version: &amp;apos;3.141.59&amp;apos;, revision: &amp;apos;e82be7d358&amp;apos;, time: &amp;apos;2018-11-14T08:17:03&amp;apos;
System info: host: &amp;apos;DESKTOP-97NHFGP&amp;apos;, ip: &amp;apos;192.168.1.195&amp;apos;, os.name: &amp;apos;Windows 10&amp;apos;, os.arch: &amp;apos;amd64&amp;apos;, os.version: &amp;apos;10.0&amp;apos;, java.version: &amp;apos;12&amp;apos;
Driver info: org.openqa.selenium.chrome.ChromeDriver
Capabilities {acceptInsecureCerts: false, browserName: chrome, browserVersion: 77.0.3865.75, chrome: {chromedriverVersion: 76.0.3809.68 (420c9498db8ce..., userDataDir: C:\Users\SCALET~1\AppData\L...}, goog:chromeOptions: {debuggerAddress: localhost:59136}, javascriptEnabled: true, networkConnectionEnabled: false, pageLoadStrategy: normal, platform: XP, platformName: XP, proxy: Proxy(), setWindowRect: true, strictFileInteractability: false, timeouts: {implicit: 0, pageLoad: 300000, script: 30000}, unhandledPromptBehavior: dismiss and notify}
Session ID: ecb163c2296953773cb1c32fda7d20b7
*** Element info: {Using=xpath, value=//*[@id=&amp;quot;dashboard-toolbar&amp;quot;]/div[2]/div/button[2]}">
      <![CDATA[org.openqa.selenium.NoSuchElementException: no such element: Unable to locate element: {"method":"xpath","selector":"//*[@id="dashboard-toolbar"]/div[2]/div/button[2]"}
  (Session info: chrome=77.0.3865.75)
For documentation on this error, please visit: https://www.seleniumhq.org/exceptions/no_such_element.html
Build info: version: '3.141.59', revision: 'e82be7d358', time: '2018-11-14T08:17:03'
System info: host: 'DESKTOP-97NHFGP', ip: '192.168.1.195', os.name: 'Windows 10', os.arch: 'amd64', os.version: '10.0', java.version: '12'
Driver info: org.openqa.selenium.chrome.ChromeDriver
Capabilities {acceptInsecureCerts: false, browserName: chrome, browserVersion: 77.0.3865.75, chrome: {chromedriverVersion: 76.0.3809.68 (420c9498db8ce..., userDataDir: C:\Users\SCALET~1\AppData\L...}, goog:chromeOptions: {debuggerAddress: localhost:59136}, javascriptEnabled: true, networkConnectionEnabled: false, pageLoadStrategy: normal, platform: XP, platformName: XP, proxy: Proxy(), setWindowRect: true, strictFileInteractability: false, timeouts: {implicit: 0, pageLoad: 300000, script: 30000}, unhandledPromptBehavior: dismiss and notify}
Session ID: ecb163c2296953773cb1c32fda7d20b7
*** Element info: {Using=xpath, value=//*[@id="dashboard-toolbar"]/div[2]/div/button[2]}
at org.openqa.selenium.remote.http.W3CHttpResponseCodec.createException(W3CHttpResponseCodec.java:187)
at org.openqa.selenium.remote.http.W3CHttpResponseCodec.decode(W3CHttpResponseCodec.java:122)
at org.openqa.selenium.remote.http.W3CHttpResponseCodec.decode(W3CHttpResponseCodec.java:49)
at org.openqa.selenium.remote.HttpCommandExecutor.execute(HttpCommandExecutor.java:158)
at org.openqa.selenium.remote.service.DriverCommandExecutor.execute(DriverCommandExecutor.java:83)
at org.openqa.selenium.remote.RemoteWebDriver.execute(RemoteWebDriver.java:552)
at org.openqa.selenium.remote.RemoteWebDriver.findElement(RemoteWebDriver.java:323)
at org.openqa.selenium.remote.RemoteWebDriver.findElementByXPath(RemoteWebDriver.java:428)
at org.openqa.selenium.By$ByXPath.findElement(By.java:353)
at org.openqa.selenium.remote.RemoteWebDriver.findElement(RemoteWebDriver.java:315)
at org.openqa.selenium.support.pagefactory.DefaultElementLocator.findElement(DefaultElementLocator.java:69)
at org.openqa.selenium.support.pagefactory.internal.LocatingElementHandler.invoke(LocatingElementHandler.java:38)
at com.sun.proxy.$Proxy12.click(Unknown Source)
at com.crm.qa.pages.CampaignPage.validateAddNewCampaign(CampaignPage.java:110)
at com.crm.qa.testcases.CampaignPageTest.AddNewCampaignTest(CampaignPageTest.java:61)
at java.base/java.util.ArrayList.forEach(ArrayList.java:1540)
... Removed 32 stack frames]]>
    </failure>
  </testcase> <!-- AddNewCampaignTest -->
  <testcase classname="com.crm.qa.testcases.CalenderPageTest" name="newCalenderButtonTest" time="0.266"/>
  <testcase classname="com.crm.qa.testcases.CalenderPageTest" name="newCalenderAddDetailsTest" time="35.329"/>
</testsuite> <!-- Free CRM Test Cases -->
